Determining if the function crc32c_value exists in the crc32c failed with the following output:
Change Dir: /home/meggie/Documents/mydb/hoard/CMakeFiles/CMakeTmp

Run Build Command:"/usr/bin/make" "cmTC_e6e26/fast"
/usr/bin/make -f CMakeFiles/cmTC_e6e26.dir/build.make CMakeFiles/cmTC_e6e26.dir/build
make[1]: Entering directory '/home/meggie/Documents/mydb/hoard/CMakeFiles/CMakeTmp'
Building C object CMakeFiles/cmTC_e6e26.dir/CheckFunctionExists.c.o
/usr/bin/cc   -DCHECK_FUNCTION_EXISTS=crc32c_value   -std=c11 -o CMakeFiles/cmTC_e6e26.dir/CheckFunctionExists.c.o   -c /usr/local/share/cmake-3.9/Modules/CheckFunctionExists.c
Linking C executable cmTC_e6e26
/usr/local/bin/cmake -E cmake_link_script CMakeFiles/cmTC_e6e26.dir/link.txt --verbose=1
/usr/bin/cc  -DCHECK_FUNCTION_EXISTS=crc32c_value    CMakeFiles/cmTC_e6e26.dir/CheckFunctionExists.c.o  -o cmTC_e6e26 -lcrc32c 
/usr/bin/ld: cannot find -lcrc32c
collect2: error: ld returned 1 exit status
CMakeFiles/cmTC_e6e26.dir/build.make:97: recipe for target 'cmTC_e6e26' failed
make[1]: *** [cmTC_e6e26] Error 1
make[1]: Leaving directory '/home/meggie/Documents/mydb/hoard/CMakeFiles/CMakeTmp'
Makefile:126: recipe for target 'cmTC_e6e26/fast' failed
make: *** [cmTC_e6e26/fast] Error 2


Determining if the function snappy_compress exists in the snappy failed with the following output:
Change Dir: /home/meggie/Documents/mydb/hoard/CMakeFiles/CMakeTmp

Run Build Command:"/usr/bin/make" "cmTC_d3ebd/fast"
/usr/bin/make -f CMakeFiles/cmTC_d3ebd.dir/build.make CMakeFiles/cmTC_d3ebd.dir/build
make[1]: Entering directory '/home/meggie/Documents/mydb/hoard/CMakeFiles/CMakeTmp'
Building C object CMakeFiles/cmTC_d3ebd.dir/CheckFunctionExists.c.o
/usr/bin/cc   -DCHECK_FUNCTION_EXISTS=snappy_compress   -std=c11 -o CMakeFiles/cmTC_d3ebd.dir/CheckFunctionExists.c.o   -c /usr/local/share/cmake-3.9/Modules/CheckFunctionExists.c
Linking C executable cmTC_d3ebd
/usr/local/bin/cmake -E cmake_link_script CMakeFiles/cmTC_d3ebd.dir/link.txt --verbose=1
/usr/bin/cc  -DCHECK_FUNCTION_EXISTS=snappy_compress    CMakeFiles/cmTC_d3ebd.dir/CheckFunctionExists.c.o  -o cmTC_d3ebd -lsnappy 
/usr/bin/ld: cannot find -lsnappy
collect2: error: ld returned 1 exit status
CMakeFiles/cmTC_d3ebd.dir/build.make:97: recipe for target 'cmTC_d3ebd' failed
make[1]: *** [cmTC_d3ebd] Error 1
make[1]: Leaving directory '/home/meggie/Documents/mydb/hoard/CMakeFiles/CMakeTmp'
Makefile:126: recipe for target 'cmTC_d3ebd/fast' failed
make: *** [cmTC_d3ebd/fast] Error 2


Determining if the function malloc exists in the tcmalloc failed with the following output:
Change Dir: /home/meggie/Documents/mydb/hoard/CMakeFiles/CMakeTmp

Run Build Command:"/usr/bin/make" "cmTC_ef283/fast"
/usr/bin/make -f CMakeFiles/cmTC_ef283.dir/build.make CMakeFiles/cmTC_ef283.dir/build
make[1]: Entering directory '/home/meggie/Documents/mydb/hoard/CMakeFiles/CMakeTmp'
Building C object CMakeFiles/cmTC_ef283.dir/CheckFunctionExists.c.o
/usr/bin/cc   -DCHECK_FUNCTION_EXISTS=malloc   -std=c11 -o CMakeFiles/cmTC_ef283.dir/CheckFunctionExists.c.o   -c /usr/local/share/cmake-3.9/Modules/CheckFunctionExists.c
<command-line>:0:23: warning: conflicting types for built-in function ‘malloc’
/usr/local/share/cmake-3.9/Modules/CheckFunctionExists.c:7:3: note: in expansion of macro ‘CHECK_FUNCTION_EXISTS’
   CHECK_FUNCTION_EXISTS(void);
   ^
Linking C executable cmTC_ef283
/usr/local/bin/cmake -E cmake_link_script CMakeFiles/cmTC_ef283.dir/link.txt --verbose=1
/usr/bin/cc  -DCHECK_FUNCTION_EXISTS=malloc    CMakeFiles/cmTC_ef283.dir/CheckFunctionExists.c.o  -o cmTC_ef283 -ltcmalloc 
/usr/bin/ld: cannot find -ltcmalloc
collect2: error: ld returned 1 exit status
CMakeFiles/cmTC_ef283.dir/build.make:97: recipe for target 'cmTC_ef283' failed
make[1]: *** [cmTC_ef283] Error 1
make[1]: Leaving directory '/home/meggie/Documents/mydb/hoard/CMakeFiles/CMakeTmp'
Makefile:126: recipe for target 'cmTC_ef283/fast' failed
make: *** [cmTC_ef283/fast] Error 2


Determining if the F_FULLFSYNC exist failed with the following output:
Change Dir: /home/meggie/Documents/mydb/hoard/CMakeFiles/CMakeTmp

Run Build Command:"/usr/bin/make" "cmTC_46d39/fast"
/usr/bin/make -f CMakeFiles/cmTC_46d39.dir/build.make CMakeFiles/cmTC_46d39.dir/build
make[1]: Entering directory '/home/meggie/Documents/mydb/hoard/CMakeFiles/CMakeTmp'
Building CXX object CMakeFiles/cmTC_46d39.dir/CheckSymbolExists.cxx.o
/usr/bin/c++    -std=c++11 -o CMakeFiles/cmTC_46d39.dir/CheckSymbolExists.cxx.o -c /home/meggie/Documents/mydb/hoard/CMakeFiles/CMakeTmp/CheckSymbolExists.cxx
/home/meggie/Documents/mydb/hoard/CMakeFiles/CMakeTmp/CheckSymbolExists.cxx: In function ‘int main(int, char**)’:
/home/meggie/Documents/mydb/hoard/CMakeFiles/CMakeTmp/CheckSymbolExists.cxx:8:19: error: ‘F_FULLFSYNC’ was not declared in this scope
   return ((int*)(&F_FULLFSYNC))[argc];
                   ^
CMakeFiles/cmTC_46d39.dir/build.make:65: recipe for target 'CMakeFiles/cmTC_46d39.dir/CheckSymbolExists.cxx.o' failed
make[1]: *** [CMakeFiles/cmTC_46d39.dir/CheckSymbolExists.cxx.o] Error 1
make[1]: Leaving directory '/home/meggie/Documents/mydb/hoard/CMakeFiles/CMakeTmp'
Makefile:126: recipe for target 'cmTC_46d39/fast' failed
make: *** [cmTC_46d39/fast] Error 2

File /home/meggie/Documents/mydb/hoard/CMakeFiles/CMakeTmp/CheckSymbolExists.cxx:
/* */
#include <fcntl.h>

int main(int argc, char** argv)
{
  (void)argv;
#ifndef F_FULLFSYNC
  return ((int*)(&F_FULLFSYNC))[argc];
#else
  (void)argc;
  return 0;
#endif
}

Performing C++ SOURCE FILE Test HAVE_CLANG_THREAD_SAFETY failed with the following output:
Change Dir: /home/meggie/Documents/mydb/hoard/CMakeFiles/CMakeTmp

Run Build Command:"/usr/bin/make" "cmTC_ae751/fast"
/usr/bin/make -f CMakeFiles/cmTC_ae751.dir/build.make CMakeFiles/cmTC_ae751.dir/build
make[1]: Entering directory '/home/meggie/Documents/mydb/hoard/CMakeFiles/CMakeTmp'
Building CXX object CMakeFiles/cmTC_ae751.dir/src.cxx.o
/usr/bin/c++    -DHAVE_CLANG_THREAD_SAFETY -Werror   -std=c++11 -o CMakeFiles/cmTC_ae751.dir/src.cxx.o -c /home/meggie/Documents/mydb/hoard/CMakeFiles/CMakeTmp/src.cxx
/home/meggie/Documents/mydb/hoard/CMakeFiles/CMakeTmp/src.cxx:2:34: error: ‘lockable’ attribute directive ignored [-Werror=attributes]
 struct __attribute__((lockable)) Lock {
                                  ^
/home/meggie/Documents/mydb/hoard/CMakeFiles/CMakeTmp/src.cxx:3:59: error: ‘exclusive_lock_function’ attribute directive ignored [-Werror=attributes]
   void Acquire() __attribute__((exclusive_lock_function()));
                                                           ^
/home/meggie/Documents/mydb/hoard/CMakeFiles/CMakeTmp/src.cxx:4:51: error: ‘unlock_function’ attribute directive ignored [-Werror=attributes]
   void Release() __attribute__((unlock_function()));
                                                   ^
/home/meggie/Documents/mydb/hoard/CMakeFiles/CMakeTmp/src.cxx:8:46: error: ‘guarded_by’ attribute directive ignored [-Werror=attributes]
   int data_ __attribute__((guarded_by(lock_)));
                                              ^
cc1plus: all warnings being treated as errors
CMakeFiles/cmTC_ae751.dir/build.make:65: recipe for target 'CMakeFiles/cmTC_ae751.dir/src.cxx.o' failed
make[1]: *** [CMakeFiles/cmTC_ae751.dir/src.cxx.o] Error 1
make[1]: Leaving directory '/home/meggie/Documents/mydb/hoard/CMakeFiles/CMakeTmp'
Makefile:126: recipe for target 'cmTC_ae751/fast' failed
make: *** [cmTC_ae751/fast] Error 2

Source file was:

struct __attribute__((lockable)) Lock {
  void Acquire() __attribute__((exclusive_lock_function()));
  void Release() __attribute__((unlock_function()));
};
struct ThreadSafeType {
  Lock lock_;
  int data_ __attribute__((guarded_by(lock_)));
};
int main() { return 0; }

Determining if the pthread_create exist failed with the following output:
Change Dir: /home/meggie/Documents/mydb/hoard/CMakeFiles/CMakeTmp

Run Build Command:"/usr/bin/make" "cmTC_477f9/fast"
/usr/bin/make -f CMakeFiles/cmTC_477f9.dir/build.make CMakeFiles/cmTC_477f9.dir/build
make[1]: Entering directory '/home/meggie/Documents/mydb/hoard/CMakeFiles/CMakeTmp'
Building C object CMakeFiles/cmTC_477f9.dir/CheckSymbolExists.c.o
/usr/bin/cc   -std=c11 -o CMakeFiles/cmTC_477f9.dir/CheckSymbolExists.c.o   -c /home/meggie/Documents/mydb/hoard/CMakeFiles/CMakeTmp/CheckSymbolExists.c
Linking C executable cmTC_477f9
/usr/local/bin/cmake -E cmake_link_script CMakeFiles/cmTC_477f9.dir/link.txt --verbose=1
/usr/bin/cc      CMakeFiles/cmTC_477f9.dir/CheckSymbolExists.c.o  -o cmTC_477f9 
CMakeFiles/cmTC_477f9.dir/CheckSymbolExists.c.o: In function `main':
CheckSymbolExists.c:(.text+0x16): undefined reference to `pthread_create'
collect2: error: ld returned 1 exit status
CMakeFiles/cmTC_477f9.dir/build.make:97: recipe for target 'cmTC_477f9' failed
make[1]: *** [cmTC_477f9] Error 1
make[1]: Leaving directory '/home/meggie/Documents/mydb/hoard/CMakeFiles/CMakeTmp'
Makefile:126: recipe for target 'cmTC_477f9/fast' failed
make: *** [cmTC_477f9/fast] Error 2

File /home/meggie/Documents/mydb/hoard/CMakeFiles/CMakeTmp/CheckSymbolExists.c:
/* */
#include <pthread.h>

int main(int argc, char** argv)
{
  (void)argv;
#ifndef pthread_create
  return ((int*)(&pthread_create))[argc];
#else
  (void)argc;
  return 0;
#endif
}

Determining if the function pthread_create exists in the pthreads failed with the following output:
Change Dir: /home/meggie/Documents/mydb/hoard/CMakeFiles/CMakeTmp

Run Build Command:"/usr/bin/make" "cmTC_28bce/fast"
/usr/bin/make -f CMakeFiles/cmTC_28bce.dir/build.make CMakeFiles/cmTC_28bce.dir/build
make[1]: Entering directory '/home/meggie/Documents/mydb/hoard/CMakeFiles/CMakeTmp'
Building C object CMakeFiles/cmTC_28bce.dir/CheckFunctionExists.c.o
/usr/bin/cc   -DCHECK_FUNCTION_EXISTS=pthread_create   -std=c11 -o CMakeFiles/cmTC_28bce.dir/CheckFunctionExists.c.o   -c /usr/local/share/cmake-3.9/Modules/CheckFunctionExists.c
Linking C executable cmTC_28bce
/usr/local/bin/cmake -E cmake_link_script CMakeFiles/cmTC_28bce.dir/link.txt --verbose=1
/usr/bin/cc  -DCHECK_FUNCTION_EXISTS=pthread_create    CMakeFiles/cmTC_28bce.dir/CheckFunctionExists.c.o  -o cmTC_28bce -lpthreads 
/usr/bin/ld: cannot find -lpthreads
collect2: error: ld returned 1 exit status
CMakeFiles/cmTC_28bce.dir/build.make:97: recipe for target 'cmTC_28bce' failed
make[1]: *** [cmTC_28bce] Error 1
make[1]: Leaving directory '/home/meggie/Documents/mydb/hoard/CMakeFiles/CMakeTmp'
Makefile:126: recipe for target 'cmTC_28bce/fast' failed
make: *** [cmTC_28bce/fast] Error 2


Determining if the function sqlite3_open exists in the sqlite3 failed with the following output:
Change Dir: /home/meggie/Documents/mydb/hoard/CMakeFiles/CMakeTmp

Run Build Command:"/usr/bin/make" "cmTC_1a2f0/fast"
/usr/bin/make -f CMakeFiles/cmTC_1a2f0.dir/build.make CMakeFiles/cmTC_1a2f0.dir/build
make[1]: Entering directory '/home/meggie/Documents/mydb/hoard/CMakeFiles/CMakeTmp'
Building C object CMakeFiles/cmTC_1a2f0.dir/CheckFunctionExists.c.o
/usr/bin/cc   -DCHECK_FUNCTION_EXISTS=sqlite3_open   -std=c11 -o CMakeFiles/cmTC_1a2f0.dir/CheckFunctionExists.c.o   -c /usr/local/share/cmake-3.9/Modules/CheckFunctionExists.c
Linking C executable cmTC_1a2f0
/usr/local/bin/cmake -E cmake_link_script CMakeFiles/cmTC_1a2f0.dir/link.txt --verbose=1
/usr/bin/cc  -DCHECK_FUNCTION_EXISTS=sqlite3_open    CMakeFiles/cmTC_1a2f0.dir/CheckFunctionExists.c.o  -o cmTC_1a2f0 -lsqlite3 
/usr/bin/ld: cannot find -lsqlite3
collect2: error: ld returned 1 exit status
CMakeFiles/cmTC_1a2f0.dir/build.make:97: recipe for target 'cmTC_1a2f0' failed
make[1]: *** [cmTC_1a2f0] Error 1
make[1]: Leaving directory '/home/meggie/Documents/mydb/hoard/CMakeFiles/CMakeTmp'
Makefile:126: recipe for target 'cmTC_1a2f0/fast' failed
make: *** [cmTC_1a2f0/fast] Error 2


Performing C++ SOURCE FILE Test HAVE_KYOTOCABINET failed with the following output:
Change Dir: /home/meggie/Documents/mydb/hoard/CMakeFiles/CMakeTmp

Run Build Command:"/usr/bin/make" "cmTC_a8e6e/fast"
/usr/bin/make -f CMakeFiles/cmTC_a8e6e.dir/build.make CMakeFiles/cmTC_a8e6e.dir/build
make[1]: Entering directory '/home/meggie/Documents/mydb/hoard/CMakeFiles/CMakeTmp'
Building CXX object CMakeFiles/cmTC_a8e6e.dir/src.cxx.o
/usr/bin/c++    -DHAVE_KYOTOCABINET   -std=c++11 -o CMakeFiles/cmTC_a8e6e.dir/src.cxx.o -c /home/meggie/Documents/mydb/hoard/CMakeFiles/CMakeTmp/src.cxx
/home/meggie/Documents/mydb/hoard/CMakeFiles/CMakeTmp/src.cxx:2:22: fatal error: kcpolydb.h: No such file or directory
compilation terminated.
CMakeFiles/cmTC_a8e6e.dir/build.make:65: recipe for target 'CMakeFiles/cmTC_a8e6e.dir/src.cxx.o' failed
make[1]: *** [CMakeFiles/cmTC_a8e6e.dir/src.cxx.o] Error 1
make[1]: Leaving directory '/home/meggie/Documents/mydb/hoard/CMakeFiles/CMakeTmp'
Makefile:126: recipe for target 'cmTC_a8e6e/fast' failed
make: *** [cmTC_a8e6e/fast] Error 2

Source file was:

#include <kcpolydb.h>

int main() {
  kyotocabinet::TreeDB* db = new kyotocabinet::TreeDB();
  delete db;
  return 0;
}
  
